<?xml version="1.0" encoding="UTF-8"?>
<!-- Generated by org.testng.reporters.JUnitReportReporter -->
<testsuite name="project1.Technical_Service_Providers" tests="1" time="1.027" ignored="0" failures="0" timestamp="16 May 2017 13:11:21 GMT" skipped="0" hostname="Rameshs-MacBook-Pro.local" errors="0">
  <testcase name="CTA" time="1.027" classname="project1.Technical_Service_Providers"/>
</testsuite> <!-- project1.Technical_Service_Providers -->
