<?xml version="1.0" encoding="UTF-8"?>
<!-- Generated by org.testng.reporters.JUnitReportReporter -->
<testsuite name="project1.NutrientManagement" tests="1" time="0.004" ignored="0" failures="0" timestamp="15 May 2017 15:34:40 GMT" skipped="0" hostname="Rameshs-MacBook-Pro.local" errors="0">
  <testcase name="Agri" time="0.004" classname="project1.NutrientManagement"/>
</testsuite> <!-- project1.NutrientManagement -->
