<?xml version="1.0" encoding="UTF-8"?>
<!-- Generated by org.testng.reporters.JUnitReportReporter -->
<testsuite name="project1.SoilSurveys" tests="1" time="10.539" ignored="0" failures="0" timestamp="15 May 2017 18:06:58 GMT" skipped="0" hostname="Rameshs-MacBook-Pro.local" errors="0">
  <testcase name="CTA" time="10.539" classname="project1.SoilSurveys"/>
</testsuite> <!-- project1.SoilSurveys -->
