<?xml version="1.0" encoding="UTF-8"?>
<!-- Generated by org.testng.reporters.JUnitReportReporter -->
<testsuite name="project1.Content" tests="1" time="0.006" ignored="0" failures="0" timestamp="14 May 2017 02:11:22 GMT" skipped="0" hostname="Rameshs-MacBook-Pro.local" errors="0">
  <testcase name="content" time="0.006" classname="project1.Content"/>
</testsuite> <!-- project1.Content -->
