<?xml version="1.0" encoding="UTF-8"?>
<!-- Generated by org.testng.reporters.JUnitReportReporter -->
<testsuite name="project1.RangePasture" tests="1" time="2.847" ignored="0" failures="0" timestamp="15 May 2017 16:59:05 GMT" skipped="0" hostname="Rameshs-MacBook-Pro.local" errors="0">
  <testcase name="CTA" time="2.847" classname="project1.RangePasture"/>
</testsuite> <!-- project1.RangePasture -->
