<?xml version="1.0" encoding="UTF-8"?>
<!-- Generated by org.testng.reporters.JUnitReportReporter -->
<testsuite name="project1.SiteMetadataInformation" tests="1" time="0.021" ignored="0" failures="0" timestamp="16 May 2017 13:27:37 GMT" skipped="0" hostname="Rameshs-MacBook-Pro.local" errors="0">
  <testcase name="Agri" time="0.021" classname="project1.SiteMetadataInformation"/>
</testsuite> <!-- project1.SiteMetadataInformation -->
