<?xml version="1.0" encoding="UTF-8"?>
<!-- Generated by org.testng.reporters.JUnitReportReporter -->
<testsuite name="project1.PlantsAnimals" tests="1" time="0.015" ignored="0" failures="0" timestamp="16 May 2017 15:12:52 GMT" skipped="0" hostname="Rameshs-MacBook-Pro.local" errors="0">
  <testcase name="Agri" time="0.015" classname="project1.PlantsAnimals"/>
</testsuite> <!-- project1.PlantsAnimals -->
