<?xml version="1.0" encoding="UTF-8"?>
<!-- Generated by org.testng.reporters.JUnitReportReporter -->
<testsuite name="project1.SnowSurveyProduct" tests="1" time="2.808" ignored="0" failures="0" timestamp="16 May 2017 13:22:10 GMT" skipped="0" hostname="Rameshs-MacBook-Pro.local" errors="0">
  <testcase name="CTA" time="2.808" classname="project1.SnowSurveyProduct"/>
</testsuite> <!-- project1.SnowSurveyProduct -->
