<?xml version="1.0" encoding="UTF-8"?>
<!-- Generated by org.testng.reporters.JUnitReportReporter -->
<testsuite name="project1.Partners" tests="1" time="5.489" ignored="0" failures="0" timestamp="16 May 2017 15:22:31 GMT" skipped="0" hostname="Rameshs-MacBook-Pro.local" errors="0">
  <testcase name="CTA" time="5.489" classname="project1.Partners"/>
</testsuite> <!-- project1.Partners -->
