<?xml version="1.0" encoding="UTF-8"?>
<!-- Generated by org.testng.reporters.JUnitReportReporter -->
<testsuite name="project1.StateTechnicalCommittee" tests="1" time="1.060" ignored="0" failures="0" timestamp="15 May 2017 17:09:45 GMT" skipped="0" hostname="Rameshs-MacBook-Pro.local" errors="0">
  <testcase name="CTA" time="1.060" classname="project1.StateTechnicalCommittee"/>
</testsuite> <!-- project1.StateTechnicalCommittee -->
