<?xml version="1.0" encoding="UTF-8"?>
<!-- Generated by org.testng.reporters.JUnitReportReporter -->
<testsuite name="project1.Volunteers" tests="1" time="3.335" ignored="0" failures="0" timestamp="16 May 2017 17:16:38 GMT" skipped="0" hostname="Rameshs-MacBook-Pro.local" errors="0">
  <testcase name="CTA" time="3.335" classname="project1.Volunteers"/>
</testsuite> <!-- project1.Volunteers -->
