<?xml version="1.0" encoding="UTF-8"?>
<!-- Generated by org.testng.reporters.JUnitReportReporter -->
<testsuite name="project1.Biology" tests="1" time="0.003" ignored="0" failures="0" timestamp="16 May 2017 13:16:59 GMT" skipped="0" hostname="Rameshs-MacBook-Pro.local" errors="0">
  <testcase name="Agri" time="0.003" classname="project1.Biology"/>
</testsuite> <!-- project1.Biology -->
