<?xml version="1.0" encoding="UTF-8"?>
<!-- Generated by org.testng.reporters.JUnitReportReporter -->
<testsuite name="project1.RapidWatershedAssessment" tests="1" time="21.893" ignored="0" failures="0" timestamp="15 May 2017 20:14:31 GMT" skipped="0" hostname="Rameshs-MacBook-Pro.local" errors="0">
  <testcase name="NationsRes" time="21.893" classname="project1.RapidWatershedAssessment"/>
</testsuite> <!-- project1.RapidWatershedAssessment -->
