<?xml version="1.0" encoding="UTF-8"?>
<!-- Generated by org.testng.reporters.JUnitReportReporter -->
<testsuite name="project1.CulturalResources" tests="1" time="0.004" ignored="0" failures="0" timestamp="15 May 2017 15:20:15 GMT" skipped="0" hostname="Rameshs-MacBook-Pro.local" errors="0">
  <testcase name="Agri" time="0.004" classname="project1.CulturalResources"/>
</testsuite> <!-- project1.CulturalResources -->
