<?xml version="1.0" encoding="UTF-8"?>
<!-- Generated by org.testng.reporters.JUnitReportReporter -->
<testsuite name="project1.NationalResourcesInventory" tests="1" time="0.921" ignored="0" failures="0" timestamp="15 May 2017 14:54:15 GMT" skipped="0" hostname="Rameshs-MacBook-Pro.local" errors="0">
  <testcase name="NationsRes" time="0.921" classname="project1.NationalResourcesInventory"/>
</testsuite> <!-- project1.NationalResourcesInventory -->
