<?xml version="1.0" encoding="UTF-8"?>
<!-- Generated by org.testng.reporters.JUnitReportReporter -->
<testsuite name="project1.ConservationInnovationGrants" tests="1" time="1.026" ignored="0" failures="0" timestamp="16 May 2017 19:11:03 GMT" skipped="0" hostname="Rameshs-MacBook-Pro.local" errors="0">
  <testcase name="CTA" time="1.026" classname="project1.ConservationInnovationGrants"/>
</testsuite> <!-- project1.ConservationInnovationGrants -->
