<?xml version="1.0" encoding="UTF-8"?>
<!-- Generated by org.testng.reporters.JUnitReportReporter -->
<testsuite name="project1.Reservoirs" tests="1" time="0.010" ignored="0" failures="0" timestamp="16 May 2017 14:08:31 GMT" skipped="0" hostname="Rameshs-MacBook-Pro.local" errors="0">
  <testcase name="Agri" time="0.010" classname="project1.Reservoirs"/>
</testsuite> <!-- project1.Reservoirs -->
