<?xml version="1.0" encoding="UTF-8"?>
<!-- Generated by org.testng.reporters.JUnitReportReporter -->
<testsuite name="project1.WaterSupplyProducts" tests="1" time="5.653" ignored="0" failures="0" timestamp="16 May 2017 13:59:18 GMT" skipped="0" hostname="Rameshs-MacBook-Pro.local" errors="0">
  <testcase name="NationsRes" time="5.653" classname="project1.WaterSupplyProducts"/>
</testsuite> <!-- project1.WaterSupplyProducts -->
