<?xml version="1.0" encoding="UTF-8"?>
<!-- Generated by org.testng.reporters.JUnitReportReporter -->
<testsuite name="project1.WaterSupply" tests="1" time="6.208" ignored="0" failures="0" timestamp="16 May 2017 17:14:27 GMT" skipped="0" hostname="Rameshs-MacBook-Pro.local" errors="0">
  <testcase name="NationsRes" time="6.208" classname="project1.WaterSupply"/>
</testsuite> <!-- project1.WaterSupply -->
