<?xml version="1.0" encoding="UTF-8"?>
<!-- Generated by org.testng.reporters.JUnitReportReporter -->
<testsuite name="project1.ConservationTechAssis" tests="1" time="0.995" ignored="0" failures="0" timestamp="16 May 2017 13:16:59 GMT" skipped="0" hostname="Rameshs-MacBook-Pro.local" errors="0">
  <testcase name="CTA" time="0.995" classname="project1.ConservationTechAssis"/>
</testsuite> <!-- project1.ConservationTechAssis -->
