<?xml version="1.0" encoding="UTF-8"?>
<!-- Generated by org.testng.reporters.JUnitReportReporter -->
<testsuite name="project1.EcologicalScience" tests="1" time="0.005" ignored="0" failures="0" timestamp="15 May 2017 15:14:26 GMT" skipped="0" hostname="Rameshs-MacBook-Pro.local" errors="0">
  <testcase name="Gis" time="0.005" classname="project1.EcologicalScience"/>
</testsuite> <!-- project1.EcologicalScience -->
