<?xml version="1.0" encoding="UTF-8"?>
<!-- Generated by org.testng.reporters.JUnitReportReporter -->
<testsuite name="project1.Home_Page" tests="1" time="9.050" ignored="0" failures="0" timestamp="14 May 2017 16:01:04 GMT" skipped="0" hostname="Rameshs-MacBook-Pro.local" errors="0">
  <testcase name="check" time="9.050" classname="project1.Home_Page"/>
</testsuite> <!-- project1.Home_Page -->
