<?xml version="1.0" encoding="UTF-8"?>
<!-- Generated by org.testng.reporters.JUnitReportReporter -->
<testsuite name="project1.RegionalConservationPartnershipProgram" tests="1" time="3.249" ignored="0" failures="0" timestamp="16 May 2017 18:52:48 GMT" skipped="0" hostname="Rameshs-MacBook-Pro.local" errors="0">
  <testcase name="CTA" time="3.249" classname="project1.RegionalConservationPartnershipProgram"/>
</testsuite> <!-- project1.RegionalConservationPartnershipProgram -->
