<?xml version="1.0" encoding="UTF-8"?>
<!-- Generated by org.testng.reporters.JUnitReportReporter -->
<testsuite name="project1.BasinOutlookReports" tests="1" time="35.482" ignored="0" failures="0" timestamp="16 May 2017 14:17:36 GMT" skipped="0" hostname="Rameshs-MacBook-Pro.local" errors="0">
  <testcase name="NationsRes" time="35.482" classname="project1.BasinOutlookReports"/>
</testsuite> <!-- project1.BasinOutlookReports -->
