<?xml version="1.0" encoding="UTF-8"?>
<!-- Generated by org.testng.reporters.JUnitReportReporter -->
<testsuite name="project1.Demo" tests="1" time="6.500" ignored="0" failures="0" timestamp="07 May 2017 18:51:35 GMT" skipped="0" hostname="Rameshs-MacBook-Pro.local" errors="0">
  <testcase name="navigate" time="6.500" classname="project1.Demo"/>
</testsuite> <!-- project1.Demo -->
