<?xml version="1.0" encoding="UTF-8"?>
<!-- Generated by org.testng.reporters.JUnitReportReporter -->
<testsuite name="project1.Engineering" tests="1" time="7.141" ignored="0" failures="0" timestamp="15 May 2017 15:45:09 GMT" skipped="0" hostname="Rameshs-MacBook-Pro.local" errors="0">
  <testcase name="NationsRes" time="7.141" classname="project1.Engineering"/>
</testsuite> <!-- project1.Engineering -->
