<?xml version="1.0" encoding="UTF-8"?>
<!-- Generated by org.testng.reporters.JUnitReportReporter -->
<testsuite name="project1.Soils" tests="1" time="0.815" ignored="0" failures="0" timestamp="15 May 2017 20:13:35 GMT" skipped="0" hostname="Rameshs-MacBook-Pro.local" errors="0">
  <testcase name="CTA" time="0.815" classname="project1.Soils"/>
</testsuite> <!-- project1.Soils -->
