<?xml version="1.0" encoding="UTF-8"?>
<!-- Generated by org.testng.reporters.JUnitReportReporter -->
<testsuite name="project1.ConservationCompliance" tests="1" time="9.087" ignored="0" failures="0" timestamp="16 May 2017 18:40:10 GMT" skipped="0" hostname="Rameshs-MacBook-Pro.local" errors="0">
  <testcase name="CTA" time="9.087" classname="project1.ConservationCompliance"/>
</testsuite> <!-- project1.ConservationCompliance -->
