<?xml version="1.0" encoding="UTF-8"?>
<!-- Generated by org.testng.reporters.JUnitReportReporter -->
<testsuite name="project1.Technical_Resources" tests="1" time="14.923" ignored="0" failures="0" timestamp="16 May 2017 13:12:05 GMT" skipped="0" hostname="Rameshs-MacBook-Pro.local" errors="0">
  <testcase name="check" time="14.923" classname="project1.Technical_Resources"/>
</testsuite> <!-- project1.Technical_Resources -->
