<?xml version="1.0" encoding="UTF-8"?>
<!-- Generated by org.testng.reporters.JUnitReportReporter -->
<testsuite name="project1.Data_Maps_Analysis" tests="1" time="0.004" ignored="0" failures="0" timestamp="15 May 2017 14:14:50 GMT" skipped="0" hostname="Rameshs-MacBook-Pro.local" errors="0">
  <testcase name="DataMaps" time="0.004" classname="project1.Data_Maps_Analysis"/>
</testsuite> <!-- project1.Data_Maps_Analysis -->
