<?xml version="1.0" encoding="UTF-8"?>
<!-- Generated by org.testng.reporters.JUnitReportReporter -->
<testsuite name="project1.Broken" tests="1" time="6.108" ignored="0" failures="0" timestamp="12 May 2017 13:13:34 GMT" skipped="0" hostname="Rameshs-MacBook-Pro.local" errors="0">
  <testcase name="link" time="6.108" classname="project1.Broken"/>
</testsuite> <!-- project1.Broken -->
