<?xml version="1.0" encoding="UTF-8"?>
<!-- Generated by org.testng.reporters.JUnitReportReporter -->
<testsuite name="project1.AirQuality" tests="1" time="3.380" ignored="0" failures="0" timestamp="16 May 2017 15:10:41 GMT" skipped="0" hostname="Rameshs-MacBook-Pro.local" errors="0">
  <testcase name="CTA" time="3.380" classname="project1.AirQuality"/>
</testsuite> <!-- project1.AirQuality -->
