<?xml version="1.0" encoding="UTF-8"?>
<!-- Generated by org.testng.reporters.JUnitReportReporter -->
<testsuite name="project1.Watersheds" tests="1" time="0.004" ignored="0" failures="0" timestamp="15 May 2017 18:28:28 GMT" skipped="0" hostname="Rameshs-MacBook-Pro.local" errors="0">
  <testcase name="Agri" time="0.004" classname="project1.Watersheds"/>
</testsuite> <!-- project1.Watersheds -->
