<?xml version="1.0" encoding="UTF-8"?>
<!-- Generated by org.testng.reporters.JUnitReportReporter -->
<testsuite name="project1.Economics" tests="1" time="4.333" ignored="0" failures="0" timestamp="15 May 2017 14:24:24 GMT" skipped="0" hostname="Rameshs-MacBook-Pro.local" errors="0">
  <testcase name="economis" time="4.333" classname="project1.Economics"/>
</testsuite> <!-- project1.Economics -->
