<?xml version="1.0" encoding="UTF-8"?>
<!-- Generated by org.testng.reporters.JUnitReportReporter -->
<testsuite name="project1.GIS" tests="1" time="6.089" ignored="0" failures="0" timestamp="15 May 2017 14:45:05 GMT" skipped="0" hostname="Rameshs-MacBook-Pro.local" errors="0">
  <testcase name="Gis" time="6.089" classname="project1.GIS"/>
</testsuite> <!-- project1.GIS -->
