<?xml version="1.0" encoding="UTF-8"?>
<!-- Generated by org.testng.reporters.JUnitReportReporter -->
<testsuite name="project1.DataAnalysis" tests="1" time="3.207" ignored="0" failures="0" timestamp="16 May 2017 13:48:01 GMT" skipped="0" hostname="Rameshs-MacBook-Pro.local" errors="0">
  <testcase name="NationsRes" time="3.207" classname="project1.DataAnalysis"/>
</testsuite> <!-- project1.DataAnalysis -->
