<?xml version="1.0" encoding="UTF-8"?>
<!-- Generated by org.testng.reporters.JUnitReportReporter -->
<testsuite name="project1.FarmBill" tests="1" time="20.349" ignored="0" failures="0" timestamp="16 May 2017 18:33:50 GMT" skipped="0" hostname="Rameshs-MacBook-Pro.local" errors="0">
  <testcase name="CTA" time="20.349" classname="project1.FarmBill"/>
</testsuite> <!-- project1.FarmBill -->
