<?xml version="1.0" encoding="UTF-8"?>
<!-- Generated by org.testng.reporters.JUnitReportReporter -->
<testsuite name="project1.STCAgenda" tests="1" time="1.580" ignored="0" failures="0" timestamp="15 May 2017 17:40:46 GMT" skipped="0" hostname="Rameshs-MacBook-Pro.local" errors="0">
  <testcase name="CTA" time="1.580" classname="project1.STCAgenda"/>
</testsuite> <!-- project1.STCAgenda -->
