<?xml version="1.0" encoding="UTF-8"?>
<!-- Generated by org.testng.reporters.JUnitReportReporter -->
<testsuite name="project1.ImageComparison" tests="1" time="4.608" ignored="0" failures="0" timestamp="12 May 2017 23:00:51 GMT" skipped="0" hostname="Rameshs-MacBook-Pro.local" errors="0">
  <testcase name="image" time="4.608" classname="project1.ImageComparison"/>
</testsuite> <!-- project1.ImageComparison -->
