<?xml version="1.0" encoding="UTF-8"?>
<!-- Generated by org.testng.reporters.JUnitReportReporter -->
<testsuite name="project1.InvasiveSpecies" tests="1" time="0.828" ignored="0" failures="0" timestamp="15 May 2017 15:26:43 GMT" skipped="0" hostname="Rameshs-MacBook-Pro.local" errors="0">
  <testcase name="conserv_planning" time="0.828" classname="project1.InvasiveSpecies"/>
</testsuite> <!-- project1.InvasiveSpecies -->
