<?xml version="1.0" encoding="UTF-8"?>
<!-- Generated by org.testng.reporters.JUnitReportReporter -->
<testsuite name="project1.Air" tests="1" time="8.516" ignored="0" failures="0" timestamp="16 May 2017 14:55:01 GMT" skipped="0" hostname="Rameshs-MacBook-Pro.local" errors="0">
  <testcase name="NationsRes" time="8.516" classname="project1.Air"/>
</testsuite> <!-- project1.Air -->
