<?xml version="1.0" encoding="UTF-8"?>
<!-- Generated by org.testng.reporters.JUnitReportReporter -->
<testsuite name="project1.FinancialAssistance" tests="1" time="4.152" ignored="0" failures="0" timestamp="16 May 2017 19:04:40 GMT" skipped="0" hostname="Rameshs-MacBook-Pro.local" errors="0">
  <testcase name="CTA" time="4.152" classname="project1.FinancialAssistance"/>
</testsuite> <!-- project1.FinancialAssistance -->
