<?xml version="1.0" encoding="UTF-8"?>
<!-- Generated by org.testng.reporters.JUnitReportReporter -->
<testsuite name="project1.NRCSEmployees" tests="1" time="1.377" ignored="0" failures="0" timestamp="16 May 2017 17:45:11 GMT" skipped="0" hostname="Rameshs-MacBook-Pro.local" errors="0">
  <testcase name="CTA" time="1.377" classname="project1.NRCSEmployees"/>
</testsuite> <!-- project1.NRCSEmployees -->
