<?xml version="1.0" encoding="UTF-8"?>
<!-- Generated by org.testng.reporters.JUnitReportReporter -->
<testsuite name="project1.ConservationPlanning" tests="1" time="17.683" ignored="0" failures="0" timestamp="16 May 2017 13:20:02 GMT" skipped="0" hostname="Rameshs-MacBook-Pro.local" errors="0">
  <testcase name="conserv_planning" time="17.683" classname="project1.ConservationPlanning"/>
</testsuite> <!-- project1.ConservationPlanning -->
