<?xml version="1.0" encoding="UTF-8"?>
<!-- Generated by org.testng.reporters.JUnitReportReporter -->
<testsuite name="project1.Programs" tests="1" time="5.262" ignored="0" failures="0" timestamp="16 May 2017 18:25:05 GMT" skipped="0" hostname="Rameshs-MacBook-Pro.local" errors="0">
  <testcase name="CTA" time="5.262" classname="project1.Programs"/>
</testsuite> <!-- project1.Programs -->
