<?xml version="1.0" encoding="UTF-8"?>
<!-- Generated by org.testng.reporters.JUnitReportReporter -->
<testsuite name="project1.SnowSurvey" tests="1" time="17.446" ignored="0" failures="0" timestamp="15 May 2017 19:10:39 GMT" skipped="0" hostname="Rameshs-MacBook-Pro.local" errors="0">
  <testcase name="CTA" time="17.446" classname="project1.SnowSurvey"/>
</testsuite> <!-- project1.SnowSurvey -->
