<?xml version="1.0" encoding="UTF-8"?>
<!-- Generated by org.testng.reporters.JUnitReportReporter -->
<testsuite name="project1.LandUse" tests="1" time="0.925" ignored="0" failures="0" timestamp="15 May 2017 16:49:26 GMT" skipped="0" hostname="Rameshs-MacBook-Pro.local" errors="0">
  <testcase name="CTA" time="0.925" classname="project1.LandUse"/>
</testsuite> <!-- project1.LandUse -->
