<?xml version="1.0" encoding="UTF-8"?>
<!-- Generated by org.testng.reporters.JUnitReportReporter -->
<testsuite name="project1.CIGProjectSearch" tests="1" time="4.082" ignored="0" failures="0" timestamp="16 May 2017 20:19:00 GMT" skipped="0" hostname="Rameshs-MacBook-Pro.local" errors="0">
  <testcase name="NationsRes" time="4.082" classname="project1.CIGProjectSearch"/>
</testsuite> <!-- project1.CIGProjectSearch -->
