<?xml version="1.0" encoding="UTF-8"?>
<!-- Generated by org.testng.reporters.JUnitReportReporter -->
<testsuite name="project1.Energy" tests="1" time="5.655" ignored="0" failures="0" timestamp="16 May 2017 15:17:14 GMT" skipped="0" hostname="Rameshs-MacBook-Pro.local" errors="0">
  <testcase name="CTA" time="5.655" classname="project1.Energy"/>
</testsuite> <!-- project1.Energy -->
